TN:
SF:01-requestcount.js
FN:12,trackCount
FNF:1
FNH:1
FNDA:12,trackCount
DA:1,1
DA:2,1
DA:3,1
DA:4,1
DA:5,1
DA:6,1
DA:7,1
DA:8,1
DA:9,1
DA:10,1
DA:11,1
DA:12,12
DA:13,12
DA:14,12
DA:15,12
DA:16,1
DA:17,1
DA:18,1
DA:19,10
DA:20,1
DA:21,1
DA:22,1
DA:23,0
DA:24,1
DA:25,1
DA:26,1
DA:27,2
DA:28,1
DA:29,1
DA:30,1
LF:30
LH:29
BRDA:12,0,0,12
BRDA:18,1,0,10
BRDA:26,2,0,2
BRF:3
BRH:3
end_of_record
TN:
SF:02-ratelimitter.js
FN:22,rateLimiter
FN:41,rateLimiter2
FNF:2
FNH:1
FNDA:0,rateLimiter
FNDA:13,rateLimiter2
DA:1,1
DA:2,1
DA:3,1
DA:4,1
DA:5,1
DA:6,1
DA:7,1
DA:8,1
DA:9,1
DA:10,1
DA:11,1
DA:12,1
DA:13,1
DA:14,1
DA:15,1
DA:16,1
DA:17,1
DA:18,2
DA:19,1
DA:20,1
DA:21,1
DA:22,0
DA:23,0
DA:24,0
DA:25,0
DA:26,0
DA:27,0
DA:28,0
DA:29,0
DA:30,0
DA:31,0
DA:32,0
DA:33,0
DA:34,0
DA:35,0
DA:36,0
DA:37,0
DA:38,0
DA:39,0
DA:40,1
DA:41,13
DA:42,13
DA:43,13
DA:44,11
DA:45,11
DA:46,7
DA:47,11
DA:48,4
DA:49,4
DA:50,13
DA:51,2
DA:52,2
DA:53,2
DA:54,13
DA:55,1
DA:56,1
DA:57,1
DA:58,1
DA:59,1
DA:60,6
DA:61,1
DA:62,1
DA:63,1
DA:64,0
DA:65,1
DA:66,1
DA:67,1
LF:67
LH:48
BRDA:17,0,0,2
BRDA:41,1,0,13
BRDA:43,2,0,11
BRDA:45,3,0,7
BRDA:47,4,0,4
BRDA:50,5,0,2
BRDA:59,6,0,6
BRF:7
BRH:7
end_of_record
TN:
SF:03-errorcount.js
FN:8,catchError
FNF:1
FNH:1
FNDA:11,catchError
DA:1,1
DA:2,1
DA:3,1
DA:4,1
DA:5,1
DA:6,1
DA:7,1
DA:8,11
DA:9,11
DA:10,11
DA:11,11
DA:12,11
DA:13,1
DA:14,1
DA:15,1
DA:16,1
DA:17,1
DA:18,1
DA:19,1
DA:20,11
DA:21,0
DA:22,1
DA:23,1
DA:24,1
DA:25,0
DA:26,1
DA:27,1
DA:28,1
DA:29,2
DA:30,1
DA:31,1
DA:32,1
DA:33,1
DA:34,1
LF:34
LH:32
BRDA:8,0,0,11
BRDA:19,1,0,11
BRDA:20,2,0,0
BRDA:28,3,0,2
BRF:4
BRH:3
end_of_record
